  Main.cpp
Main.cpp(22): warning C4018: "<": Konflikt zwischen "signed" und "unsigned"
Main.cpp(24): warning C4018: "<": Konflikt zwischen "signed" und "unsigned"
Main.cpp(68): warning C4018: "<": Konflikt zwischen "signed" und "unsigned"
Main.cpp(70): warning C4244: "Argument": Konvertierung von "unsigned int" in "float", möglicher Datenverlust
Main.cpp(70): warning C4244: "Argument": Konvertierung von "int" in "float", möglicher Datenverlust
Main.cpp(74): warning C4018: "<": Konflikt zwischen "signed" und "unsigned"
Main.cpp(76): warning C4244: "Argument": Konvertierung von "unsigned int" in "float", möglicher Datenverlust
Main.cpp(76): warning C4244: "Argument": Konvertierung von "int" in "float", möglicher Datenverlust
Main.cpp(82): warning C4244: "Argument": Konvertierung von "unsigned int" in "float", möglicher Datenverlust
Main.cpp(83): warning C4244: "Argument": Konvertierung von "unsigned int" in "float", möglicher Datenverlust
Main.cpp(89): warning C4244: "Argument": Konvertierung von "unsigned int" in "float", möglicher Datenverlust
Main.cpp(91): warning C4244: "Argument": Konvertierung von "unsigned int" in "float", möglicher Datenverlust
Main.cpp(94): warning C4244: "Argument": Konvertierung von "unsigned int" in "float", möglicher Datenverlust
Main.cpp(96): warning C4244: "Argument": Konvertierung von "unsigned int" in "float", möglicher Datenverlust
Main.cpp(98): warning C4244: "Argument": Konvertierung von "unsigned int" in "float", möglicher Datenverlust
Main.cpp(100): warning C4244: "Argument": Konvertierung von "unsigned int" in "float", möglicher Datenverlust
Main.cpp(101): warning C4244: "Argument": Konvertierung von "unsigned int" in "float", möglicher Datenverlust
Main.cpp(113): warning C4244: "Argument": Konvertierung von "time_t" in "unsigned int", möglicher Datenverlust
Main.cpp(158): warning C4244: "Argument": Konvertierung von "double" in "float", möglicher Datenverlust
Main.cpp(203): warning C4244: "Argument": Konvertierung von "unsigned int" in "float", möglicher Datenverlust
Main.cpp(203): warning C4244: "Argument": Konvertierung von "int" in "float", möglicher Datenverlust
Main.cpp(207): warning C4244: "Argument": Konvertierung von "unsigned int" in "float", möglicher Datenverlust
Main.cpp(207): warning C4244: "Argument": Konvertierung von "int" in "float", möglicher Datenverlust
Main.cpp(214): warning C4018: "<": Konflikt zwischen "signed" und "unsigned"
Main.cpp(219): warning C4018: "<": Konflikt zwischen "signed" und "unsigned"
Main.cpp(233): warning C4018: "<": Konflikt zwischen "signed" und "unsigned"
Main.cpp(244): warning C4244: "Argument": Konvertierung von "unsigned int" in "float", möglicher Datenverlust
Main.cpp(248): warning C4244: "Argument": Konvertierung von "unsigned int" in "float", möglicher Datenverlust
Main.cpp(252): warning C4244: "Argument": Konvertierung von "unsigned int" in "float", möglicher Datenverlust
Main.cpp(267): warning C4018: "<": Konflikt zwischen "signed" und "unsigned"
  Code wird generiert.
  1 of 803 functions ( 0.1%) were compiled, the rest were copied from previous compilation.
    0 functions were new in current compilation
    0 functions had inline decision re-evaluated but remain unchanged
  Codegenerierung ist abgeschlossen.
  LD39.vcxproj -> E:\C++\LD39\Release\LD39.exe
